9|2024-11-19T18:09:57.2271959+00:00|INFO|2|SystemUiLanguageTracker|System language is ru, but that language is not in the list of supported languages for our app.
20|2024-11-19T18:09:57.4615545+00:00|INFO|2|AnalysisLogService|**DEVICE:{"id":1,"name":"DEMO","connectionState":"Uninitialized","firmware":null}
21|2024-11-19T18:09:57.4615545+00:00|INFO|2|AnalysisLogService|**DEVICE_CONNECT:{"id":1}
24|2024-11-19T18:09:57.5084264+00:00|INFO|2|SystemInformationService|
--------------------------------------------------------------------------------
application name                        Tacx Desktop app
application version                     4.38.1.0
cloud environment                       Live
culture                                 Russian
device family                           Windows.Desktop
operating system                        WINDOWS
OS version                              10.0.17763.6532
architecture                            X64
available memory                        10,103
device model                            SVP1321J1RBI
device manufacturer                     Sony Corporation
--------------------------------------------------------------------------------
25|2024-11-19T18:09:57.5084264+00:00|INFO|2|AnalysisLogService|**GENERAL:{"applicationName":"Tacx Desktop app","applicationVersion":"4.38.1.0","culture":"ru","operatingSystem":"WINDOWS","operatingSystemVersion":"10.0.17763.6532","operatingSystemArchitecture":"X64","availableMemory":10102882304,"deviceFamily":"Windows.Desktop"}
27|2024-11-19T18:09:57.7115405+00:00|INFO|2|AnalysisLogService|**CONNECTION_INTERNET:{"hasAdapter":true,"isConnected":true,"mediumType":"Wireless","networkAdapterId":"c778ba02-0fed-451b-a54f-3db8e594efd5"}
36|2024-11-19T18:09:57.9302722+00:00|INFO|9|FilmsLocationService|FilmsLocationService Initialized
37|2024-11-19T18:10:00.5949749+00:00|ERROR|11|ICloudServiceManager|Method: <GetDevicesAsync>b__0 calling with empty token.
38|2024-11-19T18:10:00.5949749+00:00|ERROR|2|ICloudServiceManager|Method: <GetJwtAsync>b__0 calling with empty token.
52|2024-11-19T18:10:00.9543245+00:00|ERROR|47|DatabaseService|Failed to select Primary_Key, WorkoutID, Quality, DownloadID, FileSize, AccessListToken, VideoVersion from table DownloadingVideos. --> Microsoft.Data.Sqlite.SqliteException (0x80004005): SQLite Error 1: 'no such table: DownloadingVideos'.
   at Microsoft.Data.Sqlite.SqliteException.ThrowExceptionForRC(Int32, sqlite3) + 0x9c
   at Microsoft.Data.Sqlite.SqliteCommand.ExecuteReader(CommandBehavior) + 0x21b
   at Tacx.UWP.Services.DatabaseService.SelectFromTableInternal(String, IList`1, ICollection`1, Boolean) + 0x173

55|2024-11-19T18:10:01.3403574+00:00|INFO|47|FilmDownloadService|FilmDownloadService initialized
58|2024-11-19T18:10:01.5434676+00:00|INFO|2|VaultService|Could not retrieve token with identifier GarminTokenToken from the vault.
59|2024-11-19T18:10:01.5434676+00:00|INFO|2|VaultService|No tokens with identifier GarminTokenToken found in the vault.
60|2024-11-19T18:10:01.5434676+00:00|INFO|2|VaultService|No tokens with identifier GarminRefreshTokenToken found in the vault.
61|2024-11-19T18:10:01.5590920+00:00|WARN|49|UwpAntService|Unknown request received initialize_completed
62|2024-11-19T18:10:01.7153304+00:00|ERROR|2|FirebaseTokenGenerator|Error in GetTokenInternalAsync --> Tacx.Cloud.Apis.Common.CloudApiException: Error calling UserGetJWT: { "statusCode": 401, "message": "Not authorized" } ---> Tacx.Cloud.Apis.FromSwagger.Client.ApiException: Error calling UserGetJWT: { "statusCode": 401, "message": "Not authorized" }
   at Tacx.Cloud.Apis.FromSwagger.Api.TacxCloud.UserApi.<UserGetJWTAsyncWithHttpInfo>d__62.MoveNext() + 0x1b85
--- End of stack trace from previous location where exception was thrown ---
   at System.Runtime.ExceptionServices.ExceptionDispatchInfo.Throw() + 0x21
   at System.Runtime.CompilerServices.TaskAwaiter.ThrowForNonSuccess(Task) + 0x70
   at System.Runtime.CompilerServices.TaskAwaiter.HandleNonSuccessAndDebuggerNotification(Task) + 0x38
   at System.Runtime.CompilerServices.TaskAwaiter.ValidateEnd(Task) + 0x17
   at Tacx.Cloud.Apis.FromSwagger.Api.TacxCloud.UserApi.<UserGetJWTAsync>d__61.MoveNext() + 0x97
--- End of stack trace from previous location where exception was thrown ---
   at System.Runtime.ExceptionServices.ExceptionDispatchInfo.Throw() + 0x21
   at System.Runtime.CompilerServices.TaskAwaiter.ThrowForNonSuccess(Task) + 0x70
   at System.Runtime.CompilerServices.TaskAwaiter.HandleNonSuccessAndDebuggerNotification(Task) + 0x38
   at System.Runtime.CompilerServices.TaskAwaiter.ValidateEnd(Task) + 0x17
   at Tacx.Cloud.Services.UserCloudService.<>c__DisplayClass25_0.<<UserGetJwtAsync>b__0>d.MoveNext() + 0x256
--- End of stack trace from previous location where exception was thrown ---
   at System.Runtime.ExceptionServices.ExceptionDispatchInfo.Throw() + 0x21
   at System.Runtime.CompilerServices.TaskAwaiter.ThrowForNonSuccess(Task) + 0x70
   at System.Runtime.CompilerServices.TaskAwaiter.HandleNonSuccessAndDebuggerNotification(Task) + 0x38
   at System.Runtime.CompilerServices.TaskAwaiter.ValidateEnd(Task) + 0x17
   at Tacx.Cloud.Services.BaseCloudService.<RegularInvoke>d__10`1.MoveNext() + 0x118

   --- End of inner exception stack trace ---
   at Tacx.Cloud.Services.BaseCloudService.<RegularInvoke>d__10`1.MoveNext() + 0x1d4
--- End of stack trace from previous location where exception was thrown ---
   at System.Runtime.ExceptionServices.ExceptionDispatchInfo.Throw() + 0x21
   at System.Runtime.CompilerServices.TaskAwaiter.ThrowForNonSuccess(Task) + 0x70
   at System.Runtime.CompilerServices.TaskAwaiter.HandleNonSuccessAndDebuggerNotification(Task) + 0x38
   at System.Runtime.CompilerServices.TaskAwaiter.ValidateEnd(Task) + 0x17
   at Tacx.Cloud.Services.UserCloudService.<UserGetJwtAsync>d__25.MoveNext() + 0x111
--- End of stack trace from previous location where exception was thrown ---
   at System.Runtime.ExceptionServices.ExceptionDispatchInfo.Throw() + 0x21
   at System.Runtime.CompilerServices.TaskAwaiter.ThrowForNonSuccess(Task) + 0x70
   at System.Runtime.CompilerServices.TaskAwaiter.HandleNonSuccessAndDebuggerNotification(Task) + 0x38
   at System.Runtime.CompilerServices.TaskAwaiter.ValidateEnd(Task) + 0x17
   at Polly.NoOp.NoOpEngine.<ImplementationAsync>d__1`1.MoveNext() + 0x10a
--- End of stack trace from previous location where exception was thrown ---
   at System.Runtime.ExceptionServices.ExceptionDispatchInfo.Throw() + 0x21
   at System.Runtime.CompilerServices.TaskAwaiter.ThrowForNonSuccess(Task) + 0x70
   at System.Runtime.CompilerServices.TaskAwaiter.HandleNonSuccessAndDebuggerNotification(Task) + 0x38
   at System.Runtime.CompilerServices.TaskAwaiter.ValidateEnd(Task) + 0x17
   at Polly.AsyncPolicy.<ExecuteAsync>d__21`1.MoveNext() + 0x1cb
--- End of stack trace from previous location where exception was thrown ---
   at System.Runtime.ExceptionServices.ExceptionDispatchInfo.Throw() + 0x21
   at System.Runtime.CompilerServices.TaskAwaiter.ThrowForNonSuccess(Task) + 0x70
   at System.Runtime.CompilerServices.TaskAwaiter.HandleNonSuccessAndDebuggerNotification(Task) + 0x38
   at System.Runtime.CompilerServices.TaskAwaiter.ValidateEnd(Task) + 0x17
   at Tacx.Cloud.Services.UserCloudService.<GetJwtAsync>d__11.MoveNext() + 0x11c
   at Tacx.Cloud.Exceptions.ExceptionHandler.HandleRecentRidesExceptions(Exception) + 0x3f
   at Tacx.Cloud.Services.UserCloudService.<GetJwtAsync>d__11.MoveNext() + 0x17a
--- End of stack trace from previous location where exception was thrown ---
   at System.Runtime.ExceptionServices.ExceptionDispatchInfo.Throw() + 0x21
   at System.Runtime.CompilerServices.TaskAwaiter.ThrowForNonSuccess(Task) + 0x70
   at System.Runtime.CompilerServices.TaskAwaiter.HandleNonSuccessAndDebuggerNotification(Task) + 0x38
   at System.Runtime.CompilerServices.TaskAwaiter.ValidateEnd(Task) + 0x17
   at Tacx.UWP.Services.Contestants.LiveOpponents.FirebaseTokenGenerator.<GetTokenInternalAsync>d__16.MoveNext() + 0x168

63|2024-11-19T18:10:05.3136230+00:00|ERROR|2|LiveOpponentsOnWorkoutCountService|Error while opening connection to https://tacx-cloud.firebaseio.com/v3/workoutData.json --> System.Net.Http.HttpRequestException
64|2024-11-19T18:10:05.3917403+00:00|INFO|2|VaultService|Could not retrieve token with identifier GoogleToken from the vault.
65|2024-11-19T18:10:05.3917403+00:00|INFO|2|VaultService|Could not retrieve token with identifier GarminTokenToken from the vault.
67|2024-11-19T18:10:05.5323566+00:00|INFO|2|LoginView|New
68|2024-11-19T18:10:05.5792273+00:00|INFO|2|LoginView|Loaded LoginView
70|2024-11-19T18:10:05.5792273+00:00|INFO|2|LoginViewModel|Loaded LoginViewModel
71|2024-11-19T18:10:05.5792273+00:00|INFO|2|AnalysisLogService|**VIEW_LOAD:{"view":"Login"}
72|2024-11-19T18:10:05.5792273+00:00|INFO|2|AnalysisLogService|**LOGIN_START
73|2024-11-19T18:10:15.3888681+00:00|INFO|2|VaultService|Could not retrieve token with identifier GoogleToken from the vault.
74|2024-11-19T18:10:15.3888681+00:00|INFO|2|VaultService|Could not retrieve token with identifier GarminTokenToken from the vault.
75|2024-11-19T18:10:15.4201176+00:00|INFO|2|LoginView|New
76|2024-11-19T18:10:15.4357399+00:00|INFO|2|LoginView|Loaded LoginView
77|2024-11-19T18:10:15.4357399+00:00|INFO|2|LoginViewModel|Loaded LoginViewModel
78|2024-11-19T18:10:15.4357399+00:00|INFO|2|AnalysisLogService|**VIEW_LOAD:{"view":"Login"}
79|2024-11-19T18:10:15.4357399+00:00|INFO|2|AnalysisLogService|**LOGIN_START
80|2024-11-19T18:10:15.4513640+00:00|INFO|2|LoginView|Unloaded LoginView
81|2024-11-19T18:10:15.4513640+00:00|INFO|2|LoginViewModel|Unloaded LoginViewModel
82|2024-11-19T18:10:15.6857219+00:00|INFO|2|VaultService|Could not retrieve token with identifier GoogleToken from the vault.
83|2024-11-19T18:10:15.6857219+00:00|INFO|2|VaultService|Could not retrieve token with identifier GarminTokenToken from the vault.
84|2024-11-19T18:10:15.7169702+00:00|INFO|2|LoginView|New
85|2024-11-19T18:10:15.7482179+00:00|INFO|2|LoginView|Loaded LoginView
86|2024-11-19T18:10:15.7482179+00:00|INFO|2|LoginViewModel|Loaded LoginViewModel
87|2024-11-19T18:10:15.7482179+00:00|INFO|2|AnalysisLogService|**VIEW_LOAD:{"view":"Login"}
88|2024-11-19T18:10:15.7482179+00:00|INFO|2|AnalysisLogService|**LOGIN_START
89|2024-11-19T18:10:15.7794662+00:00|INFO|2|LoginView|Unloaded LoginView
90|2024-11-19T18:10:15.7794662+00:00|INFO|2|LoginViewModel|Unloaded LoginViewModel
91|2024-11-19T18:10:15.8690019+00:00|INFO|2|VaultService|Could not retrieve token with identifier GoogleToken from the vault.
92|2024-11-19T18:10:15.8846340+00:00|INFO|2|VaultService|Could not retrieve token with identifier GarminTokenToken from the vault.
93|2024-11-19T18:10:15.9002587+00:00|INFO|2|LoginView|New
94|2024-11-19T18:10:15.9158830+00:00|INFO|2|LoginView|Loaded LoginView
95|2024-11-19T18:10:15.9158830+00:00|INFO|2|LoginViewModel|Loaded LoginViewModel
96|2024-11-19T18:10:15.9158830+00:00|INFO|2|AnalysisLogService|**VIEW_LOAD:{"view":"Login"}
97|2024-11-19T18:10:15.9158830+00:00|INFO|2|AnalysisLogService|**LOGIN_START
98|2024-11-19T18:10:15.9315065+00:00|INFO|2|LoginView|Unloaded LoginView
99|2024-11-19T18:10:15.9315065+00:00|INFO|2|LoginViewModel|Unloaded LoginViewModel
100|2024-11-19T18:10:18.4922353+00:00|INFO|2|VaultService|Could not retrieve token with identifier GoogleToken from the vault.
101|2024-11-19T18:10:18.5078594+00:00|INFO|2|VaultService|Could not retrieve token with identifier GarminTokenToken from the vault.
102|2024-11-19T18:10:18.5234828+00:00|INFO|2|LoginView|New
103|2024-11-19T18:10:20.4013463+00:00|INFO|2|VaultService|Could not retrieve token with identifier GoogleToken from the vault.
104|2024-11-19T18:10:20.4013463+00:00|INFO|2|VaultService|Could not retrieve token with identifier GarminTokenToken from the vault.
105|2024-11-19T18:10:20.4253408+00:00|INFO|2|LoginView|New
106|2024-11-19T18:10:20.5173174+00:00|INFO|2|LoginView|Loaded LoginView
107|2024-11-19T18:10:20.5173174+00:00|INFO|2|LoginViewModel|Loaded LoginViewModel
108|2024-11-19T18:10:20.5173174+00:00|INFO|2|AnalysisLogService|**VIEW_LOAD:{"view":"Login"}
109|2024-11-19T18:10:20.5173174+00:00|INFO|2|AnalysisLogService|**LOGIN_START
110|2024-11-19T18:10:20.5213159+00:00|INFO|2|LoginView|Loaded LoginView
111|2024-11-19T18:10:20.5213159+00:00|INFO|2|LoginViewModel|Loaded LoginViewModel
112|2024-11-19T18:10:20.5213159+00:00|INFO|2|AnalysisLogService|**VIEW_LOAD:{"view":"Login"}
113|2024-11-19T18:10:20.5213159+00:00|INFO|2|AnalysisLogService|**LOGIN_START
114|2024-11-19T18:10:20.5813008+00:00|INFO|2|LoginView|Unloaded LoginView
115|2024-11-19T18:10:20.5853002+00:00|INFO|2|LoginViewModel|Unloaded LoginViewModel
116|2024-11-19T18:10:20.5855622+00:00|INFO|2|LoginView|Unloaded LoginView
117|2024-11-19T18:10:20.6011870+00:00|INFO|2|LoginViewModel|Unloaded LoginViewModel
118|2024-11-19T18:10:24.0464804+00:00|INFO|2|VaultService|Could not retrieve token with identifier GoogleToken from the vault.
119|2024-11-19T18:10:24.0464804+00:00|INFO|2|VaultService|Could not retrieve token with identifier GarminTokenToken from the vault.
120|2024-11-19T18:10:24.0621052+00:00|INFO|2|LoginView|New
121|2024-11-19T18:10:24.0777294+00:00|INFO|2|LoginView|Loaded LoginView
122|2024-11-19T18:10:24.0777294+00:00|INFO|2|LoginViewModel|Loaded LoginViewModel
123|2024-11-19T18:10:24.0777294+00:00|INFO|2|AnalysisLogService|**VIEW_LOAD:{"view":"Login"}
124|2024-11-19T18:10:24.0777294+00:00|INFO|2|AnalysisLogService|**LOGIN_START
125|2024-11-19T18:10:24.0933527+00:00|INFO|2|LoginView|Unloaded LoginView
126|2024-11-19T18:10:24.0933527+00:00|INFO|2|LoginViewModel|Unloaded LoginViewModel
127|2024-11-19T18:10:35.1530393+00:00|INFO|2|VaultService|Could not retrieve token with identifier GoogleToken from the vault.
128|2024-11-19T18:10:35.1530393+00:00|INFO|2|VaultService|Could not retrieve token with identifier GarminTokenToken from the vault.
129|2024-11-19T18:10:35.1686647+00:00|INFO|2|LoginView|New
130|2024-11-19T18:10:35.1842875+00:00|INFO|2|LoginView|Loaded LoginView
131|2024-11-19T18:10:35.1842875+00:00|INFO|2|LoginViewModel|Loaded LoginViewModel
132|2024-11-19T18:10:35.1842875+00:00|INFO|2|AnalysisLogService|**VIEW_LOAD:{"view":"Login"}
133|2024-11-19T18:10:35.1842875+00:00|INFO|2|AnalysisLogService|**LOGIN_START
134|2024-11-19T18:10:35.1999121+00:00|INFO|2|LoginView|Unloaded LoginView
135|2024-11-19T18:10:35.1999121+00:00|INFO|2|LoginViewModel|Unloaded LoginViewModel
136|2024-11-19T18:10:35.9514638+00:00|INFO|2|VaultService|Could not retrieve token with identifier GoogleToken from the vault.
137|2024-11-19T18:10:35.9514638+00:00|INFO|2|VaultService|Could not retrieve token with identifier GarminTokenToken from the vault.
138|2024-11-19T18:10:35.9827119+00:00|INFO|2|LoginView|New
139|2024-11-19T18:10:35.9983359+00:00|INFO|2|LoginView|Loaded LoginView
140|2024-11-19T18:10:35.9983359+00:00|INFO|2|LoginViewModel|Loaded LoginViewModel
141|2024-11-19T18:10:35.9983359+00:00|INFO|2|AnalysisLogService|**VIEW_LOAD:{"view":"Login"}
142|2024-11-19T18:10:35.9983359+00:00|INFO|2|AnalysisLogService|**LOGIN_START
143|2024-11-19T18:10:36.0139592+00:00|INFO|2|LoginView|Unloaded LoginView
144|2024-11-19T18:10:36.0139592+00:00|INFO|2|LoginViewModel|Unloaded LoginViewModel
145|2024-11-19T18:10:36.1389522+00:00|INFO|2|VaultService|Could not retrieve token with identifier GoogleToken from the vault.
146|2024-11-19T18:10:36.1389522+00:00|INFO|2|VaultService|Could not retrieve token with identifier GarminTokenToken from the vault.
147|2024-11-19T18:10:36.1701988+00:00|INFO|2|LoginView|New
148|2024-11-19T18:10:36.1858219+00:00|INFO|2|LoginView|Loaded LoginView
149|2024-11-19T18:10:36.1858219+00:00|INFO|2|LoginViewModel|Loaded LoginViewModel
150|2024-11-19T18:10:36.1858219+00:00|INFO|2|AnalysisLogService|**VIEW_LOAD:{"view":"Login"}
151|2024-11-19T18:10:36.1858219+00:00|INFO|2|AnalysisLogService|**LOGIN_START
152|2024-11-19T18:10:36.2326943+00:00|INFO|2|LoginView|Unloaded LoginView
153|2024-11-19T18:10:36.2326943+00:00|INFO|2|LoginViewModel|Unloaded LoginViewModel
154|2024-11-19T18:10:36.3264369+00:00|INFO|2|VaultService|Could not retrieve token with identifier GoogleToken from the vault.
155|2024-11-19T18:10:36.3264369+00:00|INFO|2|VaultService|Could not retrieve token with identifier GarminTokenToken from the vault.
156|2024-11-19T18:10:36.3420621+00:00|INFO|2|LoginView|New
157|2024-11-19T18:10:36.3576852+00:00|INFO|2|LoginView|Loaded LoginView
158|2024-11-19T18:10:36.3576852+00:00|INFO|2|LoginViewModel|Loaded LoginViewModel
159|2024-11-19T18:10:36.3576852+00:00|INFO|2|AnalysisLogService|**VIEW_LOAD:{"view":"Login"}
160|2024-11-19T18:10:36.3576852+00:00|INFO|2|AnalysisLogService|**LOGIN_START
161|2024-11-19T18:10:36.3733096+00:00|INFO|2|LoginView|Unloaded LoginView
162|2024-11-19T18:10:36.3733096+00:00|INFO|2|LoginViewModel|Unloaded LoginViewModel
163|2024-11-19T18:10:36.7639073+00:00|INFO|2|VaultService|Could not retrieve token with identifier GoogleToken from the vault.
164|2024-11-19T18:10:36.7639073+00:00|INFO|2|VaultService|Could not retrieve token with identifier GarminTokenToken from the vault.
165|2024-11-19T18:10:36.7795308+00:00|INFO|2|LoginView|New
166|2024-11-19T18:10:37.1079938+00:00|INFO|2|LoginView|Loaded LoginView
167|2024-11-19T18:10:37.1079938+00:00|INFO|2|LoginViewModel|Loaded LoginViewModel
168|2024-11-19T18:10:37.1079938+00:00|INFO|2|AnalysisLogService|**VIEW_LOAD:{"view":"Login"}
169|2024-11-19T18:10:37.1079938+00:00|INFO|2|AnalysisLogService|**LOGIN_START
170|2024-11-19T18:10:37.1236165+00:00|INFO|2|LoginView|Unloaded LoginView
171|2024-11-19T18:10:37.1236165+00:00|INFO|2|LoginViewModel|Unloaded LoginViewModel
